2019-03-25T04:02:16.6134466-07:00;VSTestExecutionThread;Info;SpecFlow+Runner 1.8.5 execution started
2019-03-25T04:02:16.6174775-07:00;VSTestExecutionThread;Info;TestAdapter Location: C:\Users\paul\source\repos\NxCloudLoginTest\SpecFlow\SpecFlowTestsProject\bin\Debug\TechTalk.SpecRun.VisualStudio.TestAdapter.dll
2019-03-25T04:02:16.7900086-07:00;VSTestExecutionThread;Info;SpecRun Evaluation Mode: Please purchase at http://www.specflow.org/plus to remove test execution delay.
2019-03-25T04:02:16.7910105-07:00;VSTestExecutionThread;Info;SpecRun: running tests in C:\Users\paul\source\repos\NxCloudLoginTest\SpecFlow\SpecFlowTestsProject\bin\Debug\SpecFlowTestsProject.dll
2019-03-25T04:02:16.7910105-07:00;VSTestExecutionThread;Info;Profile: SpecFlowTestsProject
2019-03-25T04:02:29.8658028-07:00;Thread#13;Info;starting test run
2019-03-25T04:02:29.8727483-07:00;Thread#13;Info;Discovering target: Default
2019-03-25T04:02:29.8727483-07:00;Thread#13;Info;Discovering tests from assembly: C:\Users\paul\source\repos\NxCloudLoginTest\SpecFlow\SpecFlowTestsProject\bin\Debug\SpecFlowTestsProject.dll
Appdomain Disposed
Test Suite Dump
#0: SpecFlowTestsProject/SpecFlowTestsProject - 
#1: Default - 
#2: SpecFlowTestsProject - 
#3: Login Form - 
#6: Attempt login with invalid credentials, Variant 1 - TestAssembly:SpecFlowTestsProject/Feature:Login+Form/Scenario:Attempt+login+with+invalid+credentials%2c+Variant+1
#7: Attempt login with invalid credentials, Variant 2 - TestAssembly:SpecFlowTestsProject/Feature:Login+Form/Scenario:Attempt+login+with+invalid+credentials%2c+Variant+2
#8: Attempt login with invalid credentials, Variant 3 - TestAssembly:SpecFlowTestsProject/Feature:Login+Form/Scenario:Attempt+login+with+invalid+credentials%2c+Variant+3
End: Test Suite Dump
Thread#0:Scheduler: get next test for thread 0
Thread#:Scheduler: testitem #6 from normal test queue 
Thread#0:Scheduler: considering testitem #6 for thread 0
Thread#0:TestItem#6:testItemMatchesCurrentTestThread:UnSpecific
Thread#0:TestItem#6:runsOnOneOtherThreadSpecific:False
Thread#0:TestItem#6:runsOnOneOtherThreadUnspecific:False
Thread#0:Scheduler: using testitem #6 for thread 0
Thread#0:Scheduler: Test #6 is scheduled for thread
Thread#0:Scheduler: with testItemExecutionIndex 0
Thread #0: creating new test thread executor for SpecFlowTestsProject, Version=1.0.0.0, Culture=neutral, PublicKeyToken=null (target: Default)
Thread#0: Test #6/0 is started on thread #0
Thread#0:T:-> Using app.config
Thread#0:B:Given I visit the NxVMS landing page
Thread#0:T:Severe Browser Errors enountered:
Thread#0:T:3/25/2019 11:02:34 AM: Severe: chrome-extension://invalid/ - Failed to load resource: net::ERR_FAILED
Thread#0:T:3/25/2019 11:02:34 AM: Severe: chrome-extension://invalid/ - Failed to load resource: net::ERR_FAILED
Thread#0:T:3/25/2019 11:02:34 AM: Severe: chrome-extension://invalid/ - Failed to load resource: net::ERR_FAILED
Thread#0:T:3/25/2019 11:02:34 AM: Severe: chrome-extension://invalid/ - Failed to load resource: net::ERR_FAILED
Thread#0:T:3/25/2019 11:02:34 AM: Severe: chrome-extension://invalid/ - Failed to load resource: net::ERR_FAILED
Thread#0:T:3/25/2019 11:02:34 AM: Severe: chrome-extension://invalid/ - Failed to load resource: net::ERR_FAILED
Thread#0:T:3/25/2019 11:02:35 AM: Severe: https://nxvms.com/api/account - Failed to load resource: the server responded with a status of 401 ()
Thread#0:T:3/25/2019 11:02:36 AM: Severe: https://nxvms.com/api/account - Failed to load resource: the server responded with a status of 401 ()
Thread#0:T:3/25/2019 11:02:36 AM: Severe: https://nxvms.com/api/account - Failed to load resource: the server responded with a status of 401 ()
Thread#0:T:3/25/2019 11:02:36 AM: Severe: https://nxvms.com/ - Refused to load the image 'https://stats.g.doubleclick.net/r/collect?v=1&aip=1&t=dc&_r=3&tid=UA-51046510-4&cid=164813471.1553511756&jid=1176137094&_gid=416604082.1553511756&gjid=932523720&_v=j73&z=1156646574' because it violates the following Content Security Policy directive: "img-src 'self' blob: data: https://relay.vmsproxy.com https://relay-fr.vmsproxy.com https://relay-la.vmsproxy.com https://relay-ny.vmsproxy.com https://relay-sy.vmsproxy.com https://*.relay.vmsproxy.com https://*.relay-fr.vmsproxy.com https://*.relay-la.vmsproxy.com https://*.relay-ny.vmsproxy.com https://*.relay-sy.vmsproxy.com https://nxcloud-prod-integrations-static.s3.amazonaws.com  https://*.google-analytics.com https://*.hotjar.com".
Thread#0:T:3/25/2019 11:02:36 AM: Severe: https://sjs.bizographics.com/insight.min.js 20 Refused to load the script 'https://px.ads.linkedin.com/collect/?time=1553511756591&pid=198508&url=https%3A%2F%2Fnxvms.com%2F&fmt=js&s=1' because it violates the following Content Security Policy directive: "script-src 'self' blob: 'unsafe-inline' 'unsafe-eval' https://*.hotjar.com https://*.google-analytics.com https://www.googletagmanager.com https://sjs.bizographics.com". Note that 'script-src-elem' was not explicitly set, so 'script-src' is used as a fallback.
Thread#0:T:done: LoginSteps.GivenIVisitTheNxVMSpage() (4.0s)
Thread#0:B:And I access the Log In form
Thread#0:T:done: LoginSteps.GivenIAccessTheLogInForm() (0.1s)
Thread#0:B:And I input "Null" as username and "BlahThisWontWork" as password
Thread#0:T:done: LoginSteps.GivenIInputAsUsernameAndAsPassword("Null", "BlahThisWontWork") (0.3s)
Thread#0:B:When I click the Log In button
Thread#0:T:done: LoginSteps.WhenIClickTheLoginButton() (0.1s)
Thread#0:B:Then the Systems page should NOT load
Thread#0:T:done: LoginSteps.ThenTheSystemsPageShouldNOTLoad() (15.4s)
Thread#0:Scheduler: get next test for thread 0
Thread#:Scheduler: testitem #7 from normal test queue 
Thread#0:Scheduler: considering testitem #7 for thread 0
Thread#0:TestItem#7:testItemMatchesCurrentTestThread:UnSpecific
Thread#0:TestItem#7:runsOnOneOtherThreadSpecific:False
Thread#0:TestItem#7:runsOnOneOtherThreadUnspecific:False
Thread#0:Scheduler: using testitem #7 for thread 0
Thread#0:Scheduler: Test #7 is scheduled for thread
Thread#0:Scheduler: with testItemExecutionIndex 0
Thread#0: Test #6/0 is finished on thread #0 as Succeeded within 26.5655193 seconds
Thread#0: Test #7/0 is started on thread #0
Thread#0:B:Given I visit the NxVMS landing page
Thread#0:T:Severe Browser Errors enountered:
Thread#0:T:3/25/2019 11:03:00 AM: Severe: chrome-extension://invalid/ - Failed to load resource: net::ERR_FAILED
Thread#0:T:3/25/2019 11:03:00 AM: Severe: chrome-extension://invalid/ - Failed to load resource: net::ERR_FAILED
Thread#0:T:3/25/2019 11:03:00 AM: Severe: chrome-extension://invalid/ - Failed to load resource: net::ERR_FAILED
Thread#0:T:3/25/2019 11:03:00 AM: Severe: chrome-extension://invalid/ - Failed to load resource: net::ERR_FAILED
Thread#0:T:3/25/2019 11:03:00 AM: Severe: chrome-extension://invalid/ - Failed to load resource: net::ERR_FAILED
Thread#0:T:3/25/2019 11:03:00 AM: Severe: chrome-extension://invalid/ - Failed to load resource: net::ERR_FAILED
Thread#0:T:3/25/2019 11:03:02 AM: Severe: https://nxvms.com/api/account - Failed to load resource: the server responded with a status of 401 ()
Thread#0:T:3/25/2019 11:03:02 AM: Severe: https://nxvms.com/api/account - Failed to load resource: the server responded with a status of 401 ()
Thread#0:T:3/25/2019 11:03:02 AM: Severe: https://nxvms.com/api/account - Failed to load resource: the server responded with a status of 401 ()
Thread#0:T:3/25/2019 11:03:02 AM: Severe: https://nxvms.com/ - Refused to load the image 'https://stats.g.doubleclick.net/r/collect?v=1&aip=1&t=dc&_r=3&tid=UA-51046510-4&cid=423861570.1553511783&jid=390520893&_gid=1830057760.1553511783&gjid=1269193313&_v=j73&z=781049374' because it violates the following Content Security Policy directive: "img-src 'self' blob: data: https://relay.vmsproxy.com https://relay-fr.vmsproxy.com https://relay-la.vmsproxy.com https://relay-ny.vmsproxy.com https://relay-sy.vmsproxy.com https://*.relay.vmsproxy.com https://*.relay-fr.vmsproxy.com https://*.relay-la.vmsproxy.com https://*.relay-ny.vmsproxy.com https://*.relay-sy.vmsproxy.com https://nxcloud-prod-integrations-static.s3.amazonaws.com  https://*.google-analytics.com https://*.hotjar.com".
Thread#0:T:3/25/2019 11:03:02 AM: Severe: https://sjs.bizographics.com/insight.min.js 20 Refused to load the script 'https://px.ads.linkedin.com/collect/?time=1553511782961&pid=198508&url=https%3A%2F%2Fnxvms.com%2F&fmt=js&s=1' because it violates the following Content Security Policy directive: "script-src 'self' blob: 'unsafe-inline' 'unsafe-eval' https://*.hotjar.com https://*.google-analytics.com https://www.googletagmanager.com https://sjs.bizographics.com". Note that 'script-src-elem' was not explicitly set, so 'script-src' is used as a fallback.
Thread#0:T:done: LoginSteps.GivenIVisitTheNxVMSpage() (4.2s)
Thread#0:B:And I access the Log In form
Thread#0:T:done: LoginSteps.GivenIAccessTheLogInForm() (0.1s)
Thread#0:B:And I input "pauledwards@gmail.com" as username and "garbage" as password
Thread#0:T:done: LoginSteps.GivenIInputAsUsernameAndAsPassword("pauledwards@gmail...", "garbage") (0.3s)
Thread#0:B:When I click the Log In button
Thread#0:T:done: LoginSteps.WhenIClickTheLoginButton() (0.1s)
Thread#0:B:Then the Systems page should NOT load
Thread#0:T:Severe Browser Errors enountered:
Thread#0:T:3/25/2019 11:03:04 AM: Severe: https://nxvms.com/api/account/login - Failed to load resource: the server responded with a status of 401 ()
Thread#0:T:done: LoginSteps.ThenTheSystemsPageShouldNOTLoad() (15.4s)
Thread#0:Scheduler: get next test for thread 0
Thread#:Scheduler: testitem #8 from normal test queue 
Thread#0:Scheduler: considering testitem #8 for thread 0
Thread#0:TestItem#8:testItemMatchesCurrentTestThread:UnSpecific
Thread#0:TestItem#8:runsOnOneOtherThreadSpecific:False
Thread#0:TestItem#8:runsOnOneOtherThreadUnspecific:False
Thread#0:Scheduler: using testitem #8 for thread 0
Thread#0:Scheduler: Test #8 is scheduled for thread
Thread#0:Scheduler: with testItemExecutionIndex 0
Thread#0: Test #7/0 is finished on thread #0 as Succeeded within 26.3425371 seconds
Thread#0: Test #8/0 is started on thread #0
Thread#0:B:Given I visit the NxVMS landing page
Thread#0:T:Severe Browser Errors enountered:
Thread#0:T:3/25/2019 11:03:28 AM: Severe: chrome-extension://invalid/ - Failed to load resource: net::ERR_FAILED
Thread#0:T:3/25/2019 11:03:28 AM: Severe: chrome-extension://invalid/ - Failed to load resource: net::ERR_FAILED
Thread#0:T:3/25/2019 11:03:28 AM: Severe: chrome-extension://invalid/ - Failed to load resource: net::ERR_FAILED
Thread#0:T:3/25/2019 11:03:28 AM: Severe: chrome-extension://invalid/ - Failed to load resource: net::ERR_FAILED
Thread#0:T:3/25/2019 11:03:28 AM: Severe: chrome-extension://invalid/ - Failed to load resource: net::ERR_FAILED
Thread#0:T:3/25/2019 11:03:28 AM: Severe: chrome-extension://invalid/ - Failed to load resource: net::ERR_FAILED
Thread#0:T:3/25/2019 11:03:30 AM: Severe: https://nxvms.com/api/account - Failed to load resource: the server responded with a status of 401 ()
Thread#0:T:3/25/2019 11:03:30 AM: Severe: https://nxvms.com/api/account - Failed to load resource: the server responded with a status of 401 ()
Thread#0:T:3/25/2019 11:03:30 AM: Severe: https://nxvms.com/api/account - Failed to load resource: the server responded with a status of 401 ()
Thread#0:T:3/25/2019 11:03:30 AM: Severe: https://nxvms.com/ - Refused to load the image 'https://stats.g.doubleclick.net/r/collect?v=1&aip=1&t=dc&_r=3&tid=UA-51046510-4&cid=1489856002.1553511810&jid=197748549&_gid=657384776.1553511810&gjid=1922379775&_v=j73&z=1877829447' because it violates the following Content Security Policy directive: "img-src 'self' blob: data: https://relay.vmsproxy.com https://relay-fr.vmsproxy.com https://relay-la.vmsproxy.com https://relay-ny.vmsproxy.com https://relay-sy.vmsproxy.com https://*.relay.vmsproxy.com https://*.relay-fr.vmsproxy.com https://*.relay-la.vmsproxy.com https://*.relay-ny.vmsproxy.com https://*.relay-sy.vmsproxy.com https://nxcloud-prod-integrations-static.s3.amazonaws.com  https://*.google-analytics.com https://*.hotjar.com".
Thread#0:T:3/25/2019 11:03:31 AM: Severe: https://sjs.bizographics.com/insight.min.js 20 Refused to load the script 'https://px.ads.linkedin.com/collect/?time=1553511811127&pid=198508&url=https%3A%2F%2Fnxvms.com%2F&fmt=js&s=1' because it violates the following Content Security Policy directive: "script-src 'self' blob: 'unsafe-inline' 'unsafe-eval' https://*.hotjar.com https://*.google-analytics.com https://www.googletagmanager.com https://sjs.bizographics.com". Note that 'script-src-elem' was not explicitly set, so 'script-src' is used as a fallback.
Thread#0:T:done: LoginSteps.GivenIVisitTheNxVMSpage() (6.1s)
Thread#0:B:And I access the Log In form
Thread#0:T:done: LoginSteps.GivenIAccessTheLogInForm() (0.1s)
Thread#0:B:And I input "pauledwards@gmail.com" as username and "Null" as password
Thread#0:T:done: LoginSteps.GivenIInputAsUsernameAndAsPassword("pauledwards@gmail...", "Null") (0.3s)
Thread#0:B:When I click the Log In button
Thread#0:T:done: LoginSteps.WhenIClickTheLoginButton() (0.1s)
Thread#0:B:Then the Systems page should NOT load
Thread#0:T:Severe Browser Errors enountered:
Thread#0:T:3/25/2019 11:03:32 AM: Severe: https://nxvms.com/api/account/login - Failed to load resource: the server responded with a status of 401 ()
Thread#0:T:done: LoginSteps.ThenTheSystemsPageShouldNOTLoad() (15.4s)
Thread#0:Scheduler: get next test for thread 0
Thread#:Scheduler: at the end of normal test queue
Thread#0:Scheduler: enumerator for thread is at end
Thread#0:Scheduler: No more tests for thread
Thread#0: Test #8/0 is finished on thread #0 as Succeeded within 28.1585897 seconds
Appdomain Disposed
Thread#-1:Scheduler: get next test for thread -1
Thread#:Scheduler: at the end of normal test queue
Thread#-1:Scheduler: enumerator for thread is at end
2019-03-25T04:03:51.3912270-07:00;Thread#13;Info;test run finished
2019-03-25T04:03:51.3912270-07:00;Thread#13;Info;publishing test results
2019-03-25T04:03:51.4161943-07:00;Thread#13;Info;test results published
2019-03-25T04:03:51.4161943-07:00;Thread#13;Info;generating reports
2019-03-25T04:03:51.4221452-07:00;Thread#13;Info;creating 1 report(s)
2019-03-25T04:03:51.4221452-07:00;Thread#13;Info;generate Report ReportTemplate.cshtml
2019-03-25T04:03:52.1602100-07:00;Thread#13;Info;reports generated
Total: 3
Succeeded: 3
Ignored: 0
Pending: 0
Skipped: 0
Failed: 0
2019-03-25T04:03:52.1621667-07:00;VSTestExecutionThread;Info;Adding attachments to VSTest
2019-03-25T04:03:52.1631643-07:00;VSTestExecutionThread;Info;adding Test Execution Report 'C:\Users\paul\source\repos\NxCloudLoginTest\SpecFlow\TestResults\SpecFlowTestsProject_SpecFlowTestsProject_2019-03-25T040216.html'
2019-03-25T04:03:52.1721389-07:00;VSTestExecutionThread;Info;Log file: file:///C:\Users\paul\source\repos\NxCloudLoginTest\SpecFlow\TestResults\SpecFlowTestsProject_SpecFlowTestsProject_2019-03-25T040216.log
