2019-03-25T03:59:40.1161691-07:00;VSTestExecutionThread;Info;SpecFlow+Runner 1.8.5 execution started
2019-03-25T03:59:40.1231493-07:00;VSTestExecutionThread;Info;TestAdapter Location: C:\Users\paul\source\repos\NxCloudLoginTest\SpecFlow\SpecFlowTestsProject\bin\Debug\TechTalk.SpecRun.VisualStudio.TestAdapter.dll
2019-03-25T03:59:40.3385743-07:00;VSTestExecutionThread;Info;SpecRun Evaluation Mode: Please purchase at http://www.specflow.org/plus to remove test execution delay.
2019-03-25T03:59:40.3385743-07:00;VSTestExecutionThread;Info;SpecRun: running tests in C:\Users\paul\source\repos\NxCloudLoginTest\SpecFlow\SpecFlowTestsProject\bin\Debug\SpecFlowTestsProject.dll
2019-03-25T03:59:40.3385743-07:00;VSTestExecutionThread;Info;Profile: SpecFlowTestsProject
2019-03-25T03:59:45.4433707-07:00;Thread#14;Info;starting test run
2019-03-25T03:59:45.4593025-07:00;Thread#14;Info;Discovering target: Default
2019-03-25T03:59:45.4593025-07:00;Thread#14;Info;Discovering tests from assembly: C:\Users\paul\source\repos\NxCloudLoginTest\SpecFlow\SpecFlowTestsProject\bin\Debug\SpecFlowTestsProject.dll
Appdomain Disposed
Test Suite Dump
#0: SpecFlowTestsProject/SpecFlowTestsProject - 
#1: Default - 
#2: SpecFlowTestsProject - 
#3: Login Form - 
#4: Login with valid credentials - TestAssembly:SpecFlowTestsProject/Feature:Login+Form/Scenario:Login+with+valid+credentials
End: Test Suite Dump
Thread#0:Scheduler: get next test for thread 0
Thread#:Scheduler: testitem #4 from normal test queue 
Thread#0:Scheduler: considering testitem #4 for thread 0
Thread#0:TestItem#4:testItemMatchesCurrentTestThread:UnSpecific
Thread#0:TestItem#4:runsOnOneOtherThreadSpecific:False
Thread#0:TestItem#4:runsOnOneOtherThreadUnspecific:False
Thread#0:Scheduler: using testitem #4 for thread 0
Thread#0:Scheduler: Test #4 is scheduled for thread
Thread#0:Scheduler: with testItemExecutionIndex 0
Thread #0: creating new test thread executor for SpecFlowTestsProject, Version=1.0.0.0, Culture=neutral, PublicKeyToken=null (target: Default)
Thread#0: Test #4/0 is started on thread #0
Thread#0:T:-> Using app.config
Thread#0:B:Given I visit the NxVMS landing page
Thread#0:T:Severe Browser Errors enountered:
Thread#0:T:3/25/2019 10:59:50 AM: Severe: chrome-extension://invalid/ - Failed to load resource: net::ERR_FAILED
Thread#0:T:3/25/2019 10:59:50 AM: Severe: chrome-extension://invalid/ - Failed to load resource: net::ERR_FAILED
Thread#0:T:3/25/2019 10:59:50 AM: Severe: chrome-extension://invalid/ - Failed to load resource: net::ERR_FAILED
Thread#0:T:3/25/2019 10:59:50 AM: Severe: chrome-extension://invalid/ - Failed to load resource: net::ERR_FAILED
Thread#0:T:3/25/2019 10:59:50 AM: Severe: chrome-extension://invalid/ - Failed to load resource: net::ERR_FAILED
Thread#0:T:3/25/2019 10:59:50 AM: Severe: chrome-extension://invalid/ - Failed to load resource: net::ERR_FAILED
Thread#0:T:3/25/2019 10:59:52 AM: Severe: https://nxvms.com/api/account - Failed to load resource: the server responded with a status of 401 ()
Thread#0:T:3/25/2019 10:59:52 AM: Severe: https://nxvms.com/api/account - Failed to load resource: the server responded with a status of 401 ()
Thread#0:T:3/25/2019 10:59:52 AM: Severe: https://nxvms.com/api/account - Failed to load resource: the server responded with a status of 401 ()
Thread#0:T:3/25/2019 10:59:52 AM: Severe: https://nxvms.com/ - Refused to load the image 'https://stats.g.doubleclick.net/r/collect?v=1&aip=1&t=dc&_r=3&tid=UA-51046510-4&cid=198127405.1553511592&jid=1502423493&_gid=8912854.1553511592&gjid=956423078&_v=j73&z=1620258174' because it violates the following Content Security Policy directive: "img-src 'self' blob: data: https://relay.vmsproxy.com https://relay-fr.vmsproxy.com https://relay-la.vmsproxy.com https://relay-ny.vmsproxy.com https://relay-sy.vmsproxy.com https://*.relay.vmsproxy.com https://*.relay-fr.vmsproxy.com https://*.relay-la.vmsproxy.com https://*.relay-ny.vmsproxy.com https://*.relay-sy.vmsproxy.com https://nxcloud-prod-integrations-static.s3.amazonaws.com  https://*.google-analytics.com https://*.hotjar.com".
Thread#0:T:3/25/2019 10:59:53 AM: Severe: https://sjs.bizographics.com/insight.min.js 20 Refused to load the script 'https://px.ads.linkedin.com/collect/?time=1553511593394&pid=198508&url=https%3A%2F%2Fnxvms.com%2F&fmt=js&s=1' because it violates the following Content Security Policy directive: "script-src 'self' blob: 'unsafe-inline' 'unsafe-eval' https://*.hotjar.com https://*.google-analytics.com https://www.googletagmanager.com https://sjs.bizographics.com". Note that 'script-src-elem' was not explicitly set, so 'script-src' is used as a fallback.
Thread#0:T:done: LoginSteps.GivenIVisitTheNxVMSpage() (4.8s)
Thread#0:B:And I access the Log In form
Thread#0:T:done: LoginSteps.GivenIAccessTheLogInForm() (0.1s)
Thread#0:B:And I input "pauledwards@gmail.com" as username and "AQpuQ!Qp5Dt6Q1wn" as password
Thread#0:T:done: LoginSteps.GivenIInputAsUsernameAndAsPassword("pauledwards@gmail...", "AQpuQ!Qp5Dt6Q1wn") (0.4s)
Thread#0:B:And I set the remember checkbox to "true"
Thread#0:T:done: LoginSteps.GivenISetTheRememberCheckboxTo("true") (0.0s)
Thread#0:B:When I click the Log In button
Thread#0:T:done: LoginSteps.WhenIClickTheLoginButton() (0.1s)
Thread#0:B:Then the Systems page should load without error
Thread#0:T:Severe Browser Errors enountered:
Thread#0:T:3/25/2019 11:00:03 AM: Severe: chrome-extension://invalid/ - Failed to load resource: net::ERR_FAILED
Thread#0:T:3/25/2019 11:00:03 AM: Severe: chrome-extension://invalid/ - Failed to load resource: net::ERR_FAILED
Thread#0:T:3/25/2019 11:00:03 AM: Severe: chrome-extension://invalid/ - Failed to load resource: net::ERR_FAILED
Thread#0:T:3/25/2019 11:00:03 AM: Severe: chrome-extension://invalid/ - Failed to load resource: net::ERR_FAILED
Thread#0:T:3/25/2019 11:00:03 AM: Severe: chrome-extension://invalid/ - Failed to load resource: net::ERR_FAILED
Thread#0:T:3/25/2019 11:00:03 AM: Severe: chrome-extension://invalid/ - Failed to load resource: net::ERR_FAILED
Thread#0:T:3/25/2019 11:00:03 AM: Severe: https://sjs.bizographics.com/insight.min.js 20 Refused to load the script 'https://px.ads.linkedin.com/collect/?time=1553511596183&pid=198508&url=https%3A%2F%2Fnxvms.com%2Fsystems&fmt=js&s=1' because it violates the following Content Security Policy directive: "script-src 'self' blob: 'unsafe-inline' 'unsafe-eval' https://*.hotjar.com https://*.google-analytics.com https://www.googletagmanager.com https://sjs.bizographics.com". Note that 'script-src-elem' was not explicitly set, so 'script-src' is used as a fallback.
Thread#0:T:done: LoginSteps.ThenTheSystemsPageShouldLoadWithoutError() (31.8s)
Thread#0:B:And the user can logout and return to the landing page
Thread#0:T:Severe Browser Errors enountered:
Thread#0:T:3/25/2019 11:00:47 AM: Severe: https://nxvms.com/api/account - Failed to load resource: the server responded with a status of 401 ()
Thread#0:T:3/25/2019 11:00:47 AM: Severe: chrome-extension://invalid/ - Failed to load resource: net::ERR_FAILED
Thread#0:T:3/25/2019 11:00:47 AM: Severe: chrome-extension://invalid/ - Failed to load resource: net::ERR_FAILED
Thread#0:T:3/25/2019 11:00:47 AM: Severe: chrome-extension://invalid/ - Failed to load resource: net::ERR_FAILED
Thread#0:T:3/25/2019 11:00:47 AM: Severe: chrome-extension://invalid/ - Failed to load resource: net::ERR_FAILED
Thread#0:T:3/25/2019 11:00:47 AM: Severe: chrome-extension://invalid/ - Failed to load resource: net::ERR_FAILED
Thread#0:T:3/25/2019 11:00:47 AM: Severe: https://sjs.bizographics.com/insight.min.js 20 Refused to load the script 'https://px.ads.linkedin.com/collect/?time=1553511646331&pid=198508&url=https%3A%2F%2Fnxvms.com%2F&fmt=js&s=1' because it violates the following Content Security Policy directive: "script-src 'self' blob: 'unsafe-inline' 'unsafe-eval' https://*.hotjar.com https://*.google-analytics.com https://www.googletagmanager.com https://sjs.bizographics.com". Note that 'script-src-elem' was not explicitly set, so 'script-src' is used as a fallback.
Thread#0:T:3/25/2019 11:00:47 AM: Severe: chrome-extension://invalid/ - Failed to load resource: net::ERR_FAILED
Thread#0:T:3/25/2019 11:00:47 AM: Severe: https://nxvms.com/api/account - Failed to load resource: the server responded with a status of 401 ()
Thread#0:T:3/25/2019 11:00:47 AM: Severe: https://nxvms.com/api/account - Failed to load resource: the server responded with a status of 401 ()
Thread#0:T:3/25/2019 11:00:47 AM: Severe: https://nxvms.com/api/account - Failed to load resource: the server responded with a status of 401 ()
Thread#0:T:done: LoginSteps.ThenTheUserCanLogoutAndReturnToTheLandingPage() (21.0s)
Thread#0:Scheduler: get next test for thread 0
Thread#:Scheduler: at the end of normal test queue
Thread#0:Scheduler: enumerator for thread is at end
Thread#0:Scheduler: No more tests for thread
Thread#0: Test #4/0 is finished on thread #0 as Succeeded within 67.5170781 seconds
Appdomain Disposed
Thread#-1:Scheduler: get next test for thread -1
Thread#:Scheduler: at the end of normal test queue
Thread#-1:Scheduler: enumerator for thread is at end
2019-03-25T04:00:53.7333606-07:00;Thread#14;Info;test run finished
2019-03-25T04:00:53.7333606-07:00;Thread#14;Info;publishing test results
2019-03-25T04:00:53.7822244-07:00;Thread#14;Info;test results published
2019-03-25T04:00:53.7822244-07:00;Thread#14;Info;generating reports
2019-03-25T04:00:53.7892055-07:00;Thread#14;Info;creating 1 report(s)
2019-03-25T04:00:53.7892055-07:00;Thread#14;Info;generate Report ReportTemplate.cshtml
2019-03-25T04:00:54.6140001-07:00;Thread#14;Info;reports generated
Total: 1
Succeeded: 1
Ignored: 0
Pending: 0
Skipped: 0
Failed: 0
2019-03-25T04:00:54.6199833-07:00;VSTestExecutionThread;Info;Adding attachments to VSTest
2019-03-25T04:00:54.6199833-07:00;VSTestExecutionThread;Info;adding Test Execution Report 'C:\Users\paul\source\repos\NxCloudLoginTest\SpecFlow\TestResults\SpecFlowTestsProject_SpecFlowTestsProject_2019-03-25T035940.html'
2019-03-25T04:00:54.6299569-07:00;VSTestExecutionThread;Info;Log file: file:///C:\Users\paul\source\repos\NxCloudLoginTest\SpecFlow\TestResults\SpecFlowTestsProject_SpecFlowTestsProject_2019-03-25T035940.log
