2019-03-25T03:36:07.2941884-07:00;VSTestExecutionThread;Info;SpecFlow+Runner 1.8.5 execution started
2019-03-25T03:36:07.2982172-07:00;VSTestExecutionThread;Info;TestAdapter Location: C:\Users\paul\source\repos\NxCloudLoginTest\SpecFlow\SpecFlowTestsProject\bin\Debug\TechTalk.SpecRun.VisualStudio.TestAdapter.dll
2019-03-25T03:36:07.5315538-07:00;VSTestExecutionThread;Info;SpecRun Evaluation Mode: Please purchase at http://www.specflow.org/plus to remove test execution delay.
2019-03-25T03:36:07.5315538-07:00;VSTestExecutionThread;Info;SpecRun: running tests in C:\Users\paul\source\repos\NxCloudLoginTest\SpecFlow\SpecFlowTestsProject\bin\Debug\SpecFlowTestsProject.dll
2019-03-25T03:36:07.5315538-07:00;VSTestExecutionThread;Info;Profile: SpecFlowTestsProject
2019-03-25T03:36:13.6605738-07:00;Thread#14;Info;starting test run
2019-03-25T03:36:13.6745355-07:00;Thread#14;Info;Discovering target: Default
2019-03-25T03:36:13.6745355-07:00;Thread#14;Info;Discovering tests from assembly: C:\Users\paul\source\repos\NxCloudLoginTest\SpecFlow\SpecFlowTestsProject\bin\Debug\SpecFlowTestsProject.dll
Appdomain Disposed
Test Suite Dump
#0: SpecFlowTestsProject/SpecFlowTestsProject - 
#1: Default - 
#2: SpecFlowTestsProject - 
#3: Login Form - 
#4: Login with valid credentials, pauledwards@gmail.com - TestAssembly:SpecFlowTestsProject/Feature:Login+Form/Scenario:Login+with+valid+credentials%2c+pauledwards%40gmail.com
End: Test Suite Dump
Thread#0:Scheduler: get next test for thread 0
Thread#:Scheduler: testitem #4 from normal test queue 
Thread#0:Scheduler: considering testitem #4 for thread 0
Thread#0:TestItem#4:testItemMatchesCurrentTestThread:UnSpecific
Thread#0:TestItem#4:runsOnOneOtherThreadSpecific:False
Thread#0:TestItem#4:runsOnOneOtherThreadUnspecific:False
Thread#0:Scheduler: using testitem #4 for thread 0
Thread#0:Scheduler: Test #4 is scheduled for thread
Thread#0:Scheduler: with testItemExecutionIndex 0
Thread #0: creating new test thread executor for SpecFlowTestsProject, Version=1.0.0.0, Culture=neutral, PublicKeyToken=null (target: Default)
Thread#0: Test #4/0 is started on thread #0
Thread#0:T:-> Using app.config
Thread#0:B:Given I visit the NxVMS landing page
Thread#0:T:3/25/2019 10:36:19 AM: Severe: chrome-extension://invalid/ - Failed to load resource: net::ERR_FAILED
Thread#0:T:3/25/2019 10:36:19 AM: Severe: chrome-extension://invalid/ - Failed to load resource: net::ERR_FAILED
Thread#0:T:3/25/2019 10:36:19 AM: Severe: chrome-extension://invalid/ - Failed to load resource: net::ERR_FAILED
Thread#0:T:3/25/2019 10:36:19 AM: Severe: chrome-extension://invalid/ - Failed to load resource: net::ERR_FAILED
Thread#0:T:3/25/2019 10:36:19 AM: Severe: chrome-extension://invalid/ - Failed to load resource: net::ERR_FAILED
Thread#0:T:3/25/2019 10:36:19 AM: Severe: chrome-extension://invalid/ - Failed to load resource: net::ERR_FAILED
Thread#0:T:3/25/2019 10:36:21 AM: Severe: https://nxvms.com/api/account - Failed to load resource: the server responded with a status of 401 ()
Thread#0:T:3/25/2019 10:36:21 AM: Severe: https://nxvms.com/api/account - Failed to load resource: the server responded with a status of 401 ()
Thread#0:T:3/25/2019 10:36:21 AM: Severe: https://nxvms.com/api/account - Failed to load resource: the server responded with a status of 401 ()
Thread#0:T:3/25/2019 10:36:31 AM: Severe: https://sjs.bizographics.com/insight.min.js 20 Refused to load the script 'https://px.ads.linkedin.com/collect/?time=1553510181500&pid=198508&url=https%3A%2F%2Fnxvms.com%2F&fmt=js&s=1' because it violates the following Content Security Policy directive: "script-src 'self' blob: 'unsafe-inline' 'unsafe-eval' https://*.hotjar.com https://*.google-analytics.com https://www.googletagmanager.com https://sjs.bizographics.com". Note that 'script-src-elem' was not explicitly set, so 'script-src' is used as a fallback.
Thread#0:T:3/25/2019 10:36:31 AM: Severe: https://nxvms.com/ - Refused to load the image 'https://stats.g.doubleclick.net/r/collect?v=1&aip=1&t=dc&_r=3&tid=UA-51046510-4&cid=875132979.1553510182&jid=875130228&_gid=966006500.1553510182&gjid=323008818&_v=j73&z=2007030957' because it violates the following Content Security Policy directive: "img-src 'self' blob: data: https://relay.vmsproxy.com https://relay-fr.vmsproxy.com https://relay-la.vmsproxy.com https://relay-ny.vmsproxy.com https://relay-sy.vmsproxy.com https://*.relay.vmsproxy.com https://*.relay-fr.vmsproxy.com https://*.relay-la.vmsproxy.com https://*.relay-ny.vmsproxy.com https://*.relay-sy.vmsproxy.com https://nxcloud-prod-integrations-static.s3.amazonaws.com  https://*.google-analytics.com https://*.hotjar.com".
Thread#0:T:3/25/2019 10:37:33 AM: Severe: chrome-extension://invalid/ - Failed to load resource: net::ERR_FAILED
Thread#0:T:3/25/2019 10:37:33 AM: Severe: chrome-extension://invalid/ - Failed to load resource: net::ERR_FAILED
Thread#0:T:3/25/2019 10:37:33 AM: Severe: chrome-extension://invalid/ - Failed to load resource: net::ERR_FAILED
Thread#0:T:3/25/2019 10:37:33 AM: Severe: chrome-extension://invalid/ - Failed to load resource: net::ERR_FAILED
Thread#0:T:3/25/2019 10:37:33 AM: Severe: chrome-extension://invalid/ - Failed to load resource: net::ERR_FAILED
Thread#0:T:3/25/2019 10:37:33 AM: Severe: https://sjs.bizographics.com/insight.min.js 20 Refused to load the script 'https://px.ads.linkedin.com/collect/?time=1553510224752&pid=198508&url=https%3A%2F%2Fnxvms.com%2F&fmt=js&s=1' because it violates the following Content Security Policy directive: "script-src 'self' blob: 'unsafe-inline' 'unsafe-eval' https://*.hotjar.com https://*.google-analytics.com https://www.googletagmanager.com https://sjs.bizographics.com". Note that 'script-src-elem' was not explicitly set, so 'script-src' is used as a fallback.
Thread#0:T:3/25/2019 10:37:33 AM: Severe: chrome-extension://invalid/ - Failed to load resource: net::ERR_FAILED
Thread#0:T:3/25/2019 10:37:33 AM: Severe: https://nxvms.com/api/account - Failed to load resource: the server responded with a status of 401 ()
Thread#0:T:3/25/2019 10:37:33 AM: Severe: https://nxvms.com/api/account - Failed to load resource: the server responded with a status of 401 ()
Thread#0:T:3/25/2019 10:37:33 AM: Severe: https://nxvms.com/api/account - Failed to load resource: the server responded with a status of 401 ()
Thread#0:T:error: Expected e to be false, but found True.
Thread#0:B:And I access the Log In form
Thread#0:T:skipped because of previous errors
Thread#0:B:And I input "pauledwards@gmail.com" as username and "AQpuQ!Qp5Dt6Q1wn" as password
Thread#0:T:binding error: Parameter count mismatch! The binding method 'SpecFlowTestsProject:SpecFlowTestsProject.AUT.LoginSteps.GivenIInputAsUsernameAndAsPassword(String, String, Boolean)' should have 2 parameters
Thread#0:B:When I click the Log In button
Thread#0:T:skipped because of previous errors
Thread#0:B:Then the Systems page should load without error
Thread#0:T:skipped because of previous errors
Thread#0:B:And the user can logout and return to the landing page
Thread#0:T:skipped because of previous errors
Cancelling because configured number of failures reached
Thread#0: Test #4/0 is finished on thread #0 as Failed within 125.1277969 seconds
Appdomain Disposed
Thread#-1:Scheduler: get next test for thread -1
Thread#:Scheduler: at the end of normal test queue
Thread#-1:Scheduler: enumerator for thread is at end
2019-03-25T03:38:19.5453876-07:00;Thread#14;Info;test run finished
2019-03-25T03:38:19.5463427-07:00;Thread#14;Info;publishing test results
2019-03-25T03:38:19.6051851-07:00;Thread#14;Info;test results published
2019-03-25T03:38:19.6051851-07:00;Thread#14;Info;generating reports
2019-03-25T03:38:19.6112048-07:00;Thread#14;Info;creating 1 report(s)
2019-03-25T03:38:19.6112048-07:00;Thread#14;Info;generate Report ReportTemplate.cshtml
2019-03-25T03:38:20.4624386-07:00;Thread#14;Info;reports generated
Total: 1
Succeeded: 0
Ignored: 0
Pending: 0
Skipped: 0
Failed: 1
2019-03-25T03:38:20.4684233-07:00;VSTestExecutionThread;Info;Adding attachments to VSTest
2019-03-25T03:38:20.4684233-07:00;VSTestExecutionThread;Info;adding Test Execution Report 'C:\Users\paul\source\repos\NxCloudLoginTest\SpecFlow\TestResults\SpecFlowTestsProject_SpecFlowTestsProject_2019-03-25T033607.html'
2019-03-25T03:38:20.4764014-07:00;VSTestExecutionThread;Info;Log file: file:///C:\Users\paul\source\repos\NxCloudLoginTest\SpecFlow\TestResults\SpecFlowTestsProject_SpecFlowTestsProject_2019-03-25T033607.log
